{
  "RSpec": {
    "coverage": {
      "/Users/dan/Desktop/package_fraud/spec/controllers/check_controller_spec.rb": [
        1,
        null,
        1,
        null,
        null
      ],
      "/Users/dan/Desktop/package_fraud/spec/rails_helper.rb": [
        null,
        1,
        1,
        1,
        null,
        1,
        1,
        null,
        null,
        null,
        null,
        null,
        null,
        null,
        null,
        null,
        null,
        null,
        null,
        null,
        null,
        null,
        null,
        null,
        null,
        null,
        1,
        null,
        1,
        null,
        1,
        null,
        null,
        null,
        null,
        1,
        null,
        null,
        null,
        null,
        null,
        null,
        null,
        null,
        null,
        null,
        null,
        null,
        null,
        null,
        1,
        null,
        null,
        1,
        null,
        null,
        null,
        null,
        null,
        1,
        1,
        1,
        1,
        null,
        null
      ],
      "/Users/dan/Desktop/package_fraud/config/environment.rb": [
        null,
        1,
        null,
        null,
        1
      ],
      "/Users/dan/Desktop/package_fraud/config/application.rb": [
        1,
        null,
        1,
        null,
        1,
        1,
        1,
        1,
        1,
        1,
        1,
        null,
        null,
        null,
        null,
        null,
        1,
        null,
        1,
        1,
        null,
        1,
        null,
        null,
        null,
        null,
        null,
        null,
        null,
        null,
        1,
        null,
        null
      ],
      "/Users/dan/Desktop/package_fraud/config/boot.rb": [
        1,
        null,
        1
      ],
      "/Users/dan/Desktop/package_fraud/config/spring.rb": [
        null,
        null,
        null,
        null,
        null,
        5
      ],
      "/Users/dan/Desktop/package_fraud/config/environments/test.rb": [
        1,
        null,
        null,
        null,
        null,
        null,
        null,
        1,
        null,
        null,
        null,
        null,
        1,
        null,
        null,
        1,
        1,
        null,
        null,
        null,
        null,
        1,
        1,
        null,
        null,
        1,
        null,
        null,
        1,
        1,
        null,
        null,
        null,
        null,
        1,
        null,
        null,
        1,
        null,
        null,
        null,
        null
      ],
      "/Users/dan/Desktop/package_fraud/config/initializers/application_controller_renderer.rb": [
        null,
        null,
        null,
        null,
        null,
        null,
        null,
        null
      ],
      "/Users/dan/Desktop/package_fraud/config/initializers/backtrace_silencers.rb": [
        null,
        null,
        null,
        null,
        null,
        null,
        null
      ],
      "/Users/dan/Desktop/package_fraud/config/initializers/cors.rb": [
        null,
        null,
        null,
        null,
        null,
        null,
        null,
        null,
        null,
        null,
        null,
        null,
        null,
        null,
        null,
        null
      ],
      "/Users/dan/Desktop/package_fraud/config/initializers/filter_parameter_logging.rb": [
        null,
        null,
        null,
        1
      ],
      "/Users/dan/Desktop/package_fraud/config/initializers/inflections.rb": [
        null,
        null,
        null,
        null,
        null,
        null,
        null,
        null,
        null,
        null,
        null,
        null,
        null,
        null,
        null,
        null
      ],
      "/Users/dan/Desktop/package_fraud/config/initializers/mime_types.rb": [
        null,
        null,
        null,
        null
      ],
      "/Users/dan/Desktop/package_fraud/config/initializers/wrap_parameters.rb": [
        null,
        null,
        null,
        null,
        null,
        null,
        1,
        2,
        null,
        null,
        null,
        null,
        null,
        null
      ],
      "/Users/dan/Desktop/package_fraud/spec/factories/address.rb": [
        1,
        1,
        1,
        1,
        1,
        1,
        null,
        null
      ],
      "/Users/dan/Desktop/package_fraud/spec/factories/report.rb": [
        1,
        1,
        1,
        1,
        1,
        1,
        1,
        1,
        null,
        null
      ],
      "/Users/dan/Desktop/package_fraud/config/routes.rb": [
        1,
        1,
        1,
        null
      ],
      "/Users/dan/Desktop/package_fraud/app/controllers/check_controller.rb": [
        1,
        1,
        8,
        8,
        2,
        2,
        2,
        1,
        null,
        null,
        null,
        null,
        null,
        null,
        null,
        null,
        null,
        null,
        1,
        1,
        1,
        null,
        1,
        null,
        null,
        null,
        null,
        null,
        null,
        null,
        null,
        null,
        null,
        null,
        6,
        4,
        null,
        null,
        null,
        null,
        null,
        null,
        null,
        null,
        null,
        null,
        null,
        null,
        1,
        null,
        1,
        64,
        null,
        null
      ],
      "/Users/dan/Desktop/package_fraud/app/controllers/application_controller.rb": [
        1,
        1,
        1,
        null,
        1,
        9,
        9,
        9,
        9,
        9,
        9,
        9,
        9,
        9,
        9,
        9,
        9,
        9,
        null,
        9,
        9,
        9,
        9,
        9,
        9,
        9,
        9,
        9,
        9,
        null,
        9,
        9,
        9,
        9,
        9,
        9,
        9,
        9,
        9,
        9,
        9,
        9,
        9,
        9,
        9,
        9,
        9,
        9,
        9,
        9,
        9,
        9,
        9,
        9,
        9,
        9,
        9,
        9,
        9,
        9,
        9,
        9,
        9,
        9,
        9,
        9,
        9,
        9,
        9,
        9,
        9,
        9,
        9,
        9,
        9,
        9,
        9,
        9,
        9,
        9,
        9,
        9,
        9,
        9,
        9,
        9,
        9,
        9,
        9,
        9,
        9,
        null,
        9,
        null,
        null
      ],
      "/Users/dan/Desktop/package_fraud/app/controllers/concerns/response.rb": [
        1,
        null,
        1,
        1,
        2,
        null,
        null
      ],
      "/Users/dan/Desktop/package_fraud/app/controllers/concerns/error.rb": [
        1,
        null,
        1,
        1,
        1,
        1,
        2,
        null,
        null,
        null
      ],
      "/Users/dan/Desktop/package_fraud/spec/controllers/report_controller_spec.rb": [
        1,
        null,
        1,
        null,
        null
      ],
      "/Users/dan/Desktop/package_fraud/app/controllers/report_controller.rb": [
        1,
        1,
        1,
        1,
        null,
        0,
        null,
        1,
        1,
        1,
        1,
        1,
        1,
        null,
        1,
        null,
        null,
        null,
        null,
        null,
        null,
        null,
        null,
        null,
        null,
        null,
        null,
        null,
        null,
        null,
        null,
        null,
        1,
        null,
        1,
        5,
        null,
        null,
        1,
        6,
        null,
        null
      ],
      "/Users/dan/Desktop/package_fraud/spec/models/address_risk_checker_spec.rb": [
        1,
        null,
        1,
        4,
        4,
        4,
        null,
        null,
        1,
        1,
        null,
        null,
        1,
        1,
        null,
        null,
        1,
        1,
        null,
        null,
        null
      ],
      "/Users/dan/Desktop/package_fraud/spec/models/address_spec.rb": [
        1,
        null,
        1,
        2,
        2,
        2,
        2,
        2,
        2,
        2,
        null,
        null,
        1,
        2,
        null,
        null,
        1,
        2,
        2,
        2,
        2,
        2,
        2,
        2,
        2,
        null
      ],
      "/Users/dan/Desktop/package_fraud/app/models/address.rb": [
        1,
        1,
        null,
        1,
        1,
        1,
        1,
        1,
        1,
        null,
        1,
        null,
        1,
        6,
        3,
        3,
        1,
        2,
        2,
        null,
        null,
        null,
        null
      ],
      "/Users/dan/Desktop/package_fraud/app/models/application_record.rb": [
        1,
        1,
        null
      ],
      "/Users/dan/Desktop/package_fraud/spec/models/report_risk_update_spec.rb": [
        1,
        null,
        1,
        4,
        4,
        4,
        4,
        null,
        1,
        1,
        1,
        null,
        null,
        1,
        1,
        1,
        null,
        null,
        1,
        1,
        1,
        null,
        null,
        null
      ],
      "/Users/dan/Desktop/package_fraud/spec/models/report_spec.rb": [
        1,
        null,
        1,
        2,
        2,
        2,
        2,
        2,
        2,
        2,
        null,
        null,
        1,
        2,
        null,
        null,
        1,
        2,
        2,
        2,
        2,
        2,
        2,
        2,
        2,
        2,
        null
      ],
      "/Users/dan/Desktop/package_fraud/app/models/report.rb": [
        1,
        1,
        null,
        1,
        1,
        1,
        1,
        1,
        1,
        1,
        null,
        1,
        4,
        4,
        2,
        2,
        1,
        null,
        1,
        null,
        null,
        null,
        null
      ],
      "/Users/dan/Desktop/package_fraud/spec/requests/check_request_spec.rb": [
        1,
        null,
        1,
        null,
        1,
        4,
        null,
        null,
        1,
        1,
        null,
        null,
        1,
        1,
        null,
        null,
        1,
        1,
        1,
        null,
        null,
        1,
        1,
        1,
        1,
        null,
        null
      ],
      "/Users/dan/Desktop/package_fraud/spec/requests/not_acceptable_error_spec.rb": [
        1,
        null,
        1,
        null,
        1,
        2,
        null,
        null,
        1,
        1,
        null,
        null,
        1,
        1,
        null,
        null
      ]
    },
    "timestamp": 1513805720
  }
}
